<?xml version="1.0" encoding="UTF-8"?>
<!-- Generated by org.testng.reporters.JUnitReportReporter -->
<testsuite hostname="DESKTOP-80S1A18" failures="0" tests="3" name="config.Login" time="37.049" errors="0" timestamp="2022-11-22T19:45:27 GST" skipped="0">
  <testcase classname="config.Login" name="validationlogin" time="9.091"/>
  <system-out/>
  <testcase classname="config.Login" name="validationlogin" time="19.910"/>
  <system-out/>
  <testcase classname="config.Login" name="validationlogin" time="8.048"/>
  <system-out/>
</testsuite> <!-- config.Login -->
