<?xml version="1.0" encoding="UTF-8"?>
<!-- Generated by org.testng.reporters.JUnitReportReporter -->
<testsuite hostname="DESKTOP-80S1A18" failures="0" tests="3" name="config.TestScript" time="1.996" errors="0" timestamp="2022-11-22T13:11:03 GST" skipped="0">
  <testcase classname="config.TestScript" name="user" time="0.546"/>
  <system-out>
    <![CDATA[Executing Roles Test]]>
  </system-out>
  <testcase classname="config.TestScript" name="Branches" time="0.860"/>
  <system-out>
    <![CDATA[Executing Branches Test]]>
  </system-out>
  <testcase classname="config.TestScript" name="Roles" time="0.590"/>
  <system-out>
    <![CDATA[Executing Roles Test]]>
  </system-out>
</testsuite> <!-- config.TestScript -->
