<?xml version="1.0" encoding="UTF-8"?>
<!-- Generated by org.testng.reporters.JUnitReportReporter -->
<testsuite hostname="DESKTOP-80S1A18" failures="0" tests="3" name="config.Testscript1" time="147.436" errors="0" timestamp="2022-11-22T19:28:02 GST" skipped="0">
  <testcase classname="config.Testscript1" name="division" time="103.661"/>
  <system-out>
    <![CDATA[Exceuting division test]]>
  </system-out>
  <testcase classname="config.Testscript1" name="multiplication" time="35.377"/>
  <system-out>
    <![CDATA[Exceuting multiplication test]]>
  </system-out>
  <testcase classname="config.Testscript1" name="addition" time="8.398"/>
  <system-out>
    <![CDATA[Exceuting addition test]]>
  </system-out>
</testsuite> <!-- config.Testscript1 -->
