<?xml version="1.0" encoding="UTF-8"?>
<!-- Generated by org.testng.reporters.JUnitReportReporter -->
<testsuite hostname="DESKTOP-80S1A18" failures="0" tests="1" name="flightregister.propertyfile" time="4.319" errors="0" timestamp="2022-11-24T21:53:40 GST" skipped="0">
  <testcase classname="flightregister.propertyfile" name="validateregister" time="4.319"/>
  <system-out/>
</testsuite> <!-- flightregister.propertyfile -->
